<?xml version="1.0" encoding="UTF-8"?>
<testng-results ignored="0" total="1" passed="1" failed="0" skipped="0">
  <reporter-output>
  </reporter-output>
  <suite started-at="2023-07-31T17:30:20 IST" name="Suite" finished-at="2023-07-31T17:30:21 IST" duration-ms="1087">
    <groups>
    </groups>
    <test started-at="2023-07-31T17:30:20 IST" name="Test" finished-at="2023-07-31T17:30:21 IST" duration-ms="1087">
      <class name="com.tests.LoginTest">
        <test-method is-config="true" signature="setup()[pri:0, instance:com.tests.LoginTest@6fd83fc1]" started-at="2023-07-31T17:30:15 IST" name="setup" finished-at="2023-07-31T17:30:20 IST" duration-ms="5595" status="PASS">
          <reporter-output>
          </reporter-output>
        </test-method> <!-- setup -->
        <test-method signature="test01()[pri:0, instance:com.tests.LoginTest@6fd83fc1]" started-at="2023-07-31T17:30:20 IST" name="test01" finished-at="2023-07-31T17:30:21 IST" duration-ms="1059" status="PASS">
          <reporter-output>
          </reporter-output>
        </test-method> <!-- test01 -->
      </class> <!-- com.tests.LoginTest -->
    </test> <!-- Test -->
  </suite> <!-- Suite -->
</testng-results>
