<?xml version="1.0" encoding="UTF-8"?>
<testsuite xmlns:xsi="http://www.w3.org/2001/XMLSchema-instance" xsi:noNamespaceSchemaLocation="https://maven.apache.org/surefire/maven-surefire-plugin/xsd/surefire-test-report-3.0.xsd" version="3.0" name="TestSuite" time="7.638" tests="1" errors="0" skipped="0" failures="0">
  <properties>
[...]
</properties>
  <testcase name="test01" classname="com.tests.LoginTest" time="1.052">
    <system-out><![CDATA[Initializing a browser
07-31-2023 17:30:15 BaseClass.java INFO  [main] base.BaseClass 23 - Initializing a browser
]]></system-out>
    <system-err><![CDATA[1690804815453	geckodriver	INFO	Listening on 127.0.0.1:37575
1690804815677	mozrunner::runner	INFO	Running command: "C:\\Program Files\\Mozilla Firefox\\firefox.exe" "--marionette" "-no-remote" "-profile" "C:\\Users\\Harshada\\AppData\\Local\\Temp\\rust_mozprofilenESLVV"
console.warn: services.settings: Ignoring preference override of remote settings server
console.warn: services.settings: Allow by setting MOZ_REMOTE_SETTINGS_DEVTOOLS=1 in the environment
1690804816367	Marionette	INFO	Marionette enabled
Dynamically enable window occlusion 0
1690804817029	Marionette	INFO	Listening on port 64440
Read port: 64440
1690804817529	RemoteAgent	WARN	TLS certificate errors will be ignored for this session
Jul 31, 2023 5:30:19 PM org.openqa.selenium.remote.ProtocolHandshake createSession
INFO: Detected dialect: W3C
JavaScript error: file:///D:/PM/zip%20files/javabykiran-Selenium-Softwares/Offline%20Website/index.html, line 138: TypeError: $(...).iCheck is not a function
console.warn: LoginRecipes: "Falling back to a synchronous message for: file://."
console.warn: LoginRecipes: "Falling back to a synchronous message for: file://."
JavaScript error: https://code.jquery.com/ui/1.11.4/jquery-ui.min.js, line 6: ReferenceError: jQuery is not defined
JavaScript error: file:///D:/PM/zip%20files/javabykiran-Selenium-Softwares/Offline%20Website/pages/examples/dashboard.html, line 178: ReferenceError: $ is not defined
JavaScript warning: https://cdnjs.cloudflare.com/ajax/libs/moment.js/2.10.2/moment.min.js, line 6: unreachable code after return statement
]]></system-err>
  </testcase>
</testsuite>